<?xml version="1.0" encoding="UTF-8"?>
<testsuite xmlns:xsi="http://www.w3.org/2001/XMLSchema-instance" xsi:noNamespaceSchemaLocation="https://maven.apache.org/surefire/maven-surefire-plugin/xsd/surefire-test-report.xsd" name="com.nowcoder.mavendemo1.AppTest" time="0.022" tests="1" errors="0" skipped="0" failures="0">
  <properties>
    <property name="sun.desktop" value="windows"/>
    <property name="awt.toolkit" value="sun.awt.windows.WToolkit"/>
    <property name="file.encoding.pkg" value="sun.io"/>
    <property name="java.specification.version" value="1.8"/>
    <property name="sun.cpu.isalist" value="pentium_pro+mmx pentium_pro pentium+mmx pentium i486 i386 i86"/>
    <property name="sun.jnu.encoding" value="GBK"/>
    <property name="java.class.path" value="D:\work\workspace\mavendemo1\target\test-classes;D:\work\workspace\mavendemo1\target\classes;C:\Users\马哥\.m2\repository\junit\junit\4.11\junit-4.11.jar;C:\Users\马哥\.m2\repository\org\hamcrest\hamcrest-core\1.3\hamcrest-core-1.3.jar;"/>
    <property name="java.vm.vendor" value="Oracle Corporation"/>
    <property name="sun.arch.data.model" value="32"/>
    <property name="user.variant" value=""/>
    <property name="java.vendor.url" value="http://java.oracle.com/"/>
    <property name="user.timezone" value="Asia/Shanghai"/>
    <property name="java.vm.specification.version" value="1.8"/>
    <property name="os.name" value="Windows 10"/>
    <property name="user.country" value="CN"/>
    <property name="sun.java.launcher" value="SUN_STANDARD"/>
    <property name="sun.boot.library.path" value="D:\java\jdk1.8.0_102\jre\bin"/>
    <property name="sun.java.command" value="C:\Users\马哥\AppData\Local\Temp\surefire1632250082789406957\surefirebooter4540782744695959967.jar C:\Users\马哥\AppData\Local\Temp\surefire1632250082789406957 2022-03-13T15-46-40_638-jvmRun1 surefire5553195333422237514tmp surefire_0452122075699358384tmp"/>
    <property name="surefire.test.class.path" value="D:\work\workspace\mavendemo1\target\test-classes;D:\work\workspace\mavendemo1\target\classes;C:\Users\马哥\.m2\repository\junit\junit\4.11\junit-4.11.jar;C:\Users\马哥\.m2\repository\org\hamcrest\hamcrest-core\1.3\hamcrest-core-1.3.jar;"/>
    <property name="sun.cpu.endian" value="little"/>
    <property name="user.home" value="C:\Users\马哥"/>
    <property name="user.language" value="zh"/>
    <property name="java.specification.vendor" value="Oracle Corporation"/>
    <property name="java.home" value="D:\java\jdk1.8.0_102\jre"/>
    <property name="basedir" value="D:\work\workspace\mavendemo1"/>
    <property name="file.separator" value="\"/>
    <property name="line.separator" value="&#10;"/>
    <property name="java.vm.specification.vendor" value="Oracle Corporation"/>
    <property name="java.specification.name" value="Java Platform API Specification"/>
    <property name="java.awt.graphicsenv" value="sun.awt.Win32GraphicsEnvironment"/>
    <property name="surefire.real.class.path" value="C:\Users\马哥\AppData\Local\Temp\surefire1632250082789406957\surefirebooter4540782744695959967.jar"/>
    <property name="sun.boot.class.path" value="D:\java\jdk1.8.0_102\jre\lib\resources.jar;D:\java\jdk1.8.0_102\jre\lib\rt.jar;D:\java\jdk1.8.0_102\jre\lib\sunrsasign.jar;D:\java\jdk1.8.0_102\jre\lib\jsse.jar;D:\java\jdk1.8.0_102\jre\lib\jce.jar;D:\java\jdk1.8.0_102\jre\lib\charsets.jar;D:\java\jdk1.8.0_102\jre\lib\jfr.jar;D:\java\jdk1.8.0_102\jre\classes"/>
    <property name="user.script" value=""/>
    <property name="sun.management.compiler" value="HotSpot Client Compiler"/>
    <property name="java.runtime.version" value="1.8.0_102-b14"/>
    <property name="user.name" value="马哥"/>
    <property name="path.separator" value=";"/>
    <property name="os.version" value="10.0"/>
    <property name="java.endorsed.dirs" value="D:\java\jdk1.8.0_102\jre\lib\endorsed"/>
    <property name="java.runtime.name" value="Java(TM) SE Runtime Environment"/>
    <property name="file.encoding" value="GBK"/>
    <property name="java.vm.name" value="Java HotSpot(TM) Client VM"/>
    <property name="localRepository" value="C:\Users\马哥\.m2\repository"/>
    <property name="java.vendor.url.bug" value="http://bugreport.sun.com/bugreport/"/>
    <property name="java.io.tmpdir" value="C:\Users\马哥\AppData\Local\Temp\"/>
    <property name="java.version" value="1.8.0_102"/>
    <property name="user.dir" value="D:\work\workspace\mavendemo1"/>
    <property name="os.arch" value="x86"/>
    <property name="java.vm.specification.name" value="Java Virtual Machine Specification"/>
    <property name="java.awt.printerjob" value="sun.awt.windows.WPrinterJob"/>
    <property name="sun.os.patch.level" value=""/>
    <property name="java.library.path" value="D:\java\jdk1.8.0_102\jre\bin;C:\WINDOWS\Sun\Java\bin;C:\WINDOWS\system32;C:\WINDOWS;C:\Program Files\Common Files\Oracle\Java\javapath;D:\Program Files\Python310\Scripts\;D:\Program Files\Python310\;C:\Windows\system32D:\cplex\student\opl\bin\x64_win64;D:\cplex\student\opl\oplide\;D:\cplex\student\cplex\bin\x64_win64;D:\cplex\student\cpoptimizer\bin\x64_win64;D:\cplex\opl\bin\x64_win64;D:\cplex\opl\oplide\;D:\cplex\cplex\bin\x64_win64;D:\cplex\cpoptimizer\bin\x64_win64;C:\Program Files (x86)\Common Files\Oracle\Java\javapath;C:\Program Files\Java\jre1.8.0_201\bin;C:\WINDOWS\system32;C:\WINDOWS;C:\WINDOWS\System32\Wbem;C:\WINDOWS\System32\WindowsPowerShell\v1.0\;C:\WINDOWS\System32\OpenSSH\;C:\Program Files\Intel\WiFi\bin\;C:\Program Files\Common Files\Intel\WirelessCommon\;C:\Program Files\Java\jdk1.8.0_201\bin;C:\Users\mytype\AppData\Local\program\python\python3.7;C:\Users\mytype\AppData\Local\program\python\python3.7\Scripts;C:\Users\mytype\nodejs\;C:\ProgramData\chocolatey\bin;C:\Mysql\mysql-8.0.19-winx64\mysql-8.0.19-winx64\bin;C:\Program Files\Bandizip\unzip;C:\Users\马哥\.dnx\bin;C:\Program Files\Microsoft DNX\Dnvm\;C:\Program Files\Microsoft SQL Server\130\Tools\Binn\;C:\Program Files (x86)\Windows Kits\8.1\Windows Performance Toolkit\;D:\OPENCV\opencv\build\x64\vc14\bin;D:\java\jdk1.8.0_102\bin;D:\java\jdk1.8.0_102\jre\bin;E:\Program Files (x86)\NetSarang\Xftp 7\;D:\work\apache-maven-3.8.4\bin;C:\Users\马哥\AppData\Local\Microsoft\WindowsApps;E:\Program Files\JetBrains\PyCharm Community Edition 2021.1\bin;C:\Users\mytype\Git\bin;C:\Users\mytype\Git\mingw64\libexec\git-core;C:\Users\mytype\Git\mingw64\bin;D:\Program Files\JetBrains\CLion 2021.1\bin;;D:\mingw\MinGW\bin;D:\Program Files\JetBrains\PyCharm 2021.3.1\bin;;D:\Microsoft VS Code\bin;D:\Program Files\Java\jdk-11.0.14\bin;D:\Program Files\Java\jdk-11.0.14\jre\bin;;."/>
    <property name="java.vm.info" value="mixed mode"/>
    <property name="java.vendor" value="Oracle Corporation"/>
    <property name="java.vm.version" value="25.102-b14"/>
    <property name="java.ext.dirs" value="D:\java\jdk1.8.0_102\jre\lib\ext;C:\WINDOWS\Sun\Java\lib\ext"/>
    <property name="sun.io.unicode.encoding" value="UnicodeLittle"/>
    <property name="java.class.version" value="52.0"/>
  </properties>
  <testcase name="shouldAnswerWithTrue" classname="com.nowcoder.mavendemo1.AppTest" time="0.001"/>
</testsuite>